MCAR|1pct|log_pop_black_aa|LD|0
MCAR|1pct|log_pop_black_aa|Mean|0
MCAR|1pct|log_pop_black_aa|Reg|0
MCAR|1pct|log_pop_black_aa|Iter|0
MCAR|1pct|log_pop_black_aa|RF|0
MCAR|1pct|log_pop_black_aa|DL|0
MCAR|1pct|log_pop_black_aa|MILGBM|0
MCAR|1pct|log_pop_black_aa|LD|1
MCAR|1pct|log_pop_black_aa|Mean|1
MCAR|1pct|log_pop_black_aa|Reg|1
MCAR|1pct|log_pop_black_aa|Iter|1
MCAR|1pct|log_pop_black_aa|RF|1
MCAR|1pct|log_pop_black_aa|DL|1
MCAR|1pct|log_pop_black_aa|MILGBM|1
MCAR|10pct|log_pop_black_aa|LD|0
MCAR|10pct|log_pop_black_aa|Mean|0
MCAR|10pct|log_pop_black_aa|Reg|0
MCAR|10pct|log_pop_black_aa|Iter|0
MCAR|10pct|log_pop_black_aa|RF|0
MCAR|10pct|log_pop_black_aa|DL|0
MCAR|10pct|log_pop_black_aa|MILGBM|0
MCAR|10pct|log_pop_black_aa|LD|1
MCAR|10pct|log_pop_black_aa|Mean|1
MCAR|10pct|log_pop_black_aa|Reg|1
MCAR|10pct|log_pop_black_aa|Iter|1
MCAR|10pct|log_pop_black_aa|RF|1
MCAR|10pct|log_pop_black_aa|DL|1
MCAR|10pct|log_pop_black_aa|MILGBM|1
MAR|1pct|log_pop_black_aa|LD|0
MAR|1pct|log_pop_black_aa|Mean|0
MAR|1pct|log_pop_black_aa|Reg|0
MAR|1pct|log_pop_black_aa|Iter|0
MAR|1pct|log_pop_black_aa|RF|0
MAR|1pct|log_pop_black_aa|DL|0
MAR|1pct|log_pop_black_aa|MILGBM|0
MAR|1pct|log_pop_black_aa|LD|1
MAR|1pct|log_pop_black_aa|Mean|1
MAR|1pct|log_pop_black_aa|Reg|1
MAR|1pct|log_pop_black_aa|Iter|1
MAR|1pct|log_pop_black_aa|RF|1
MAR|1pct|log_pop_black_aa|DL|1
MAR|1pct|log_pop_black_aa|MILGBM|1
MAR|10pct|log_pop_black_aa|LD|0
MAR|10pct|log_pop_black_aa|Mean|0
MAR|10pct|log_pop_black_aa|Reg|0
MAR|10pct|log_pop_black_aa|Iter|0
MAR|10pct|log_pop_black_aa|RF|0
MAR|10pct|log_pop_black_aa|DL|0
MAR|10pct|log_pop_black_aa|MILGBM|0
MAR|10pct|log_pop_black_aa|LD|1
MAR|10pct|log_pop_black_aa|Mean|1
MAR|10pct|log_pop_black_aa|Reg|1
MAR|10pct|log_pop_black_aa|Iter|1
MAR|10pct|log_pop_black_aa|RF|1
MAR|10pct|log_pop_black_aa|DL|1
MAR|10pct|log_pop_black_aa|MILGBM|1
NMAR|1pct|log_pop_black_aa|LD|0
NMAR|1pct|log_pop_black_aa|Mean|0
NMAR|1pct|log_pop_black_aa|Reg|0
NMAR|1pct|log_pop_black_aa|Iter|0
NMAR|1pct|log_pop_black_aa|RF|0
NMAR|1pct|log_pop_black_aa|DL|0
NMAR|1pct|log_pop_black_aa|MILGBM|0
NMAR|1pct|log_pop_black_aa|LD|1
NMAR|1pct|log_pop_black_aa|Mean|1
NMAR|1pct|log_pop_black_aa|Reg|1
NMAR|1pct|log_pop_black_aa|Iter|1
NMAR|1pct|log_pop_black_aa|RF|1
NMAR|1pct|log_pop_black_aa|DL|1
NMAR|1pct|log_pop_black_aa|MILGBM|1
NMAR|10pct|log_pop_black_aa|LD|0
NMAR|10pct|log_pop_black_aa|Mean|0
NMAR|10pct|log_pop_black_aa|Reg|0
NMAR|10pct|log_pop_black_aa|Iter|0
NMAR|10pct|log_pop_black_aa|RF|0
NMAR|10pct|log_pop_black_aa|DL|0
NMAR|10pct|log_pop_black_aa|MILGBM|0
NMAR|10pct|log_pop_black_aa|LD|1
NMAR|10pct|log_pop_black_aa|Mean|1
NMAR|10pct|log_pop_black_aa|Reg|1
NMAR|10pct|log_pop_black_aa|Iter|1
NMAR|10pct|log_pop_black_aa|RF|1
NMAR|10pct|log_pop_black_aa|DL|1
NMAR|10pct|log_pop_black_aa|MILGBM|1
MCAR|1pct|log_pop_black_aa|LD|2
MCAR|1pct|log_pop_black_aa|Mean|2
MCAR|1pct|log_pop_black_aa|Reg|2
MCAR|1pct|log_pop_black_aa|Iter|2
MCAR|1pct|log_pop_black_aa|RF|2
MCAR|1pct|log_pop_black_aa|DL|2
MCAR|1pct|log_pop_black_aa|MILGBM|2
MCAR|1pct|log_pop_black_aa|LD|3
MCAR|1pct|log_pop_black_aa|Mean|3
MCAR|1pct|log_pop_black_aa|Reg|3
MCAR|1pct|log_pop_black_aa|Iter|3
MCAR|1pct|log_pop_black_aa|RF|3
MCAR|1pct|log_pop_black_aa|DL|3
MCAR|1pct|log_pop_black_aa|MILGBM|3
MCAR|1pct|log_pop_black_aa|LD|4
MCAR|1pct|log_pop_black_aa|Mean|4
MCAR|1pct|log_pop_black_aa|Reg|4
MCAR|1pct|log_pop_black_aa|Iter|4
MCAR|1pct|log_pop_black_aa|RF|4
MCAR|1pct|log_pop_black_aa|DL|4
