2026-03-28 19:46:31,528  INFO  ============================================================
2026-03-28 19:46:31,528  INFO  Paper 0005 — Mode: BASELINE
2026-03-28 19:46:31,559  INFO  ============================================================
2026-03-28 19:46:31,560  INFO  Loading source .dta from C:\Users\briac\Econ_Code\Oxford_MonteCarlo\Week 2\paper_mappingentrepreneurialinclusion\mapping_entrepreneurial_inclusion.dta
2026-03-28 19:46:33,075  INFO  Loaded with pyreadstat
2026-03-28 19:46:55,630  INFO  ============================================================
2026-03-28 19:46:55,660  INFO  Paper 0005 — Mode: BASELINE
2026-03-28 19:46:55,661  INFO  ============================================================
2026-03-28 19:46:55,662  INFO  Loading source .dta from C:\Users\briac\Econ_Code\Oxford_MonteCarlo\Week 2\paper_mappingentrepreneurialinclusion\mapping_entrepreneurial_inclusion.dta
2026-03-28 19:46:56,298  INFO  Loaded with pyreadstat
2026-03-28 19:46:57,222  INFO  DATA.csv written to C:\Users\briac\Econ_Code\Oxford_MonteCarlo\Week 2\Paper_0005_MappingEntrepreneurial\DATA.csv (32,647 rows × 22 cols)
2026-03-28 19:46:57,254  INFO  Running baseline regression (Model 3_1)...
2026-03-28 19:46:57,274  INFO  Regression sample: N = 32,647
2026-03-28 19:46:59,059  WARNING  AbsorbingLS failed ('DataFrame' object has no attribute 'dtype') — falling back to dummy expansion
2026-03-28 19:47:32,671  INFO  ============================================================
2026-03-28 19:47:32,673  INFO  Paper 0005 — Mode: BASELINE
2026-03-28 19:47:32,673  INFO  ============================================================
2026-03-28 19:47:32,673  INFO  DATA.csv already exists — loading from C:\Users\briac\Econ_Code\Oxford_MonteCarlo\Week 2\Paper_0005_MappingEntrepreneurial\DATA.csv
2026-03-28 19:47:33,189  INFO  Running baseline regression (Model 3_1)...
2026-03-28 19:47:33,230  INFO  Regression sample: N = 32,647
2026-03-28 19:47:35,713  WARNING  AbsorbingLS failed (All arrays must be of the same length) — falling back to dummy expansion
2026-03-28 20:58:30,595  INFO  ============================================================
2026-03-28 20:58:30,596  INFO  Paper 0005 — Mode: BASELINE
2026-03-28 20:58:30,596  INFO  ============================================================
2026-03-28 20:58:30,596  INFO  Loading source .dta from C:\Users\briac\Econ_Code\Oxford_MonteCarlo\Week 2\paper_mappingentrepreneurialinclusion\mapping_entrepreneurial_inclusion.dta
2026-03-28 20:58:31,485  INFO  Loaded with pyreadstat
2026-03-28 20:58:32,675  INFO  DATA.csv written to C:\Users\briac\Econ_Code\Oxford_MonteCarlo\Week 2\Paper_0005_MappingEntrepreneurial\DATA.csv (32,647 rows × 22 cols)
2026-03-28 20:58:32,711  INFO  Running baseline regression (Model 3_1) with pyfixest...
2026-03-28 20:58:32,718  INFO  Regression sample: N = 32,647
2026-03-28 20:59:19,931  INFO  pyfixest regression complete
2026-03-28 20:59:19,956  INFO  Baseline mode complete. Review output above and update confignotes.txt.
2026-03-28 20:59:19,956  INFO  DO NOT proceed to simulation until baseline is confirmed matched.
2026-03-29 09:52:14,532  INFO  ============================================================
2026-03-29 09:52:14,533  INFO  Paper 0005 -- Mode: SMOKE
2026-03-29 09:52:14,534  INFO  ============================================================
2026-03-29 09:52:14,534  INFO  Loading from C:\Users\briac\Econ_Code\Oxford_MonteCarlo\Week 2\Paper_0005_MappingEntrepreneurial\DATA.csv
2026-03-29 09:52:14,800  INFO  Running baseline regression (pyfixest)...
2026-03-29 09:52:14,811  INFO  Regression sample N = 32,647
2026-03-29 09:53:19,134  INFO  SMOKE TEST: 3 mechs x 2 levels x 1 var x 2 iters x 7 methods = 84 runs
2026-03-29 09:53:19,135  INFO  Resuming: 0 combinations already complete
2026-03-29 09:53:19,144  INFO  Baseline focal coef: None
2026-03-29 09:53:19,162  INFO    MCAR | 1pct | log_pop_black_aa
2026-03-29 10:03:08,395  INFO    MCAR | 10pct | log_pop_black_aa
2026-03-29 10:03:23,865  INFO    MAR | 1pct | log_pop_black_aa
2026-03-29 10:03:36,833  INFO    MAR | 10pct | log_pop_black_aa
2026-03-29 10:03:43,301  INFO      Progress: 50 done, 0 errors
2026-03-29 10:03:49,328  INFO    NMAR | 1pct | log_pop_black_aa
2026-03-29 10:06:04,516  INFO    NMAR | 10pct | log_pop_black_aa
2026-03-29 10:06:18,512  INFO  Simulation complete: 84 done, 0 errors
2026-03-29 10:06:18,512  INFO  Computing NMAR diagnostics...
2026-03-29 10:06:20,183  INFO  Writing Excel workbook to C:\Users\briac\Econ_Code\Oxford_MonteCarlo\Week 2\Paper_0005_MappingEntrepreneurial\SMOKE_Stroube2025Report_0005.xlsx ...
2026-03-29 10:06:20,424  INFO  Workbook written: C:\Users\briac\Econ_Code\Oxford_MonteCarlo\Week 2\Paper_0005_MappingEntrepreneurial\SMOKE_Stroube2025Report_0005.xlsx
2026-03-29 10:06:20,425  INFO  Smoke test complete.
2026-03-29 10:10:02,686  INFO  ============================================================
2026-03-29 10:10:02,687  INFO  Paper 0005 -- Mode: SMOKE
2026-03-29 10:10:02,687  INFO  ============================================================
2026-03-29 10:10:02,688  INFO  Loading from C:\Users\briac\Econ_Code\Oxford_MonteCarlo\Week 2\Paper_0005_MappingEntrepreneurial\DATA.csv
2026-03-29 10:10:02,999  INFO  Running baseline regression (pyfixest)...
2026-03-29 10:10:03,033  INFO  Regression sample N = 32,647
2026-03-29 10:10:47,351  INFO  SMOKE TEST: 3 mechs x 2 levels x 1 var x 2 iters x 7 methods = 84 runs
2026-03-29 10:10:47,352  INFO  Resuming: 0 combinations already complete
2026-03-29 10:10:47,356  INFO  Baseline focal coef: {'coef': 0.030672817727257343, 'se': 0.005403333735702171, 'pval': 2.7991444717656577e-08, 'nobs': 32647, 'sign': 1, 'sig': True}
2026-03-29 10:10:47,365  INFO    MCAR | 1pct | log_pop_black_aa
2026-03-29 10:11:05,753  INFO    MCAR | 10pct | log_pop_black_aa
2026-03-29 10:11:24,464  INFO    MAR | 1pct | log_pop_black_aa
2026-03-29 10:11:44,865  INFO    MAR | 10pct | log_pop_black_aa
2026-03-29 10:12:03,776  INFO      Progress: 50 done, 0 errors
2026-03-29 10:12:22,669  INFO    NMAR | 1pct | log_pop_black_aa
2026-03-29 10:12:58,460  INFO    NMAR | 10pct | log_pop_black_aa
2026-03-29 10:13:43,579  INFO  Simulation complete: 84 done, 0 errors
2026-03-29 10:13:43,580  INFO  Computing NMAR diagnostics...
2026-03-29 10:13:47,631  INFO  Writing Excel workbook to C:\Users\briac\Econ_Code\Oxford_MonteCarlo\Week 2\Paper_0005_MappingEntrepreneurial\SMOKE_Stroube2025Report_0005.xlsx ...
2026-03-29 10:13:48,300  INFO  Workbook written: C:\Users\briac\Econ_Code\Oxford_MonteCarlo\Week 2\Paper_0005_MappingEntrepreneurial\SMOKE_Stroube2025Report_0005.xlsx
2026-03-29 10:13:48,302  INFO  Smoke test complete.
2026-03-29 10:14:24,751  INFO  ============================================================
2026-03-29 10:14:24,752  INFO  Paper 0005 -- Mode: FULL
2026-03-29 10:14:24,752  INFO  ============================================================
2026-03-29 10:14:24,752  INFO  Loading from C:\Users\briac\Econ_Code\Oxford_MonteCarlo\Week 2\Paper_0005_MappingEntrepreneurial\DATA.csv
2026-03-29 10:14:25,190  INFO  Running baseline regression (pyfixest)...
2026-03-29 10:14:25,202  INFO  Regression sample N = 32,647
2026-03-29 10:15:58,638  INFO  FULL RUN: 3 x 7 x 4 x 30 x 7 = 17640 runs
2026-03-29 10:15:58,640  INFO  Resuming: 84 combinations already complete
2026-03-29 10:15:58,650  INFO  Baseline focal coef: {'coef': 0.030672817727257343, 'se': 0.005403333735702171, 'pval': 2.7991444717656577e-08, 'nobs': 32647, 'sign': 1, 'sig': True}
2026-03-29 10:15:58,676  INFO    MCAR | 1pct | log_pop_black_aa
2026-03-29 10:17:12,419  INFO      Progress: 50 done, 0 errors
2026-03-29 10:19:34,300  INFO      Progress: 100 done, 0 errors
2026-03-29 10:22:22,845  INFO      Progress: 150 done, 0 errors
2026-03-29 10:25:09,387  INFO      Progress: 200 done, 0 errors
2026-03-29 10:25:53,593  INFO    MCAR | 1pct | log_total_bachelor_deg
2026-03-29 10:27:56,068  INFO      Progress: 250 done, 0 errors
2026-03-29 10:30:43,014  INFO      Progress: 300 done, 0 errors
2026-03-29 10:33:53,952  INFO      Progress: 350 done, 0 errors
2026-03-29 15:04:17,179  INFO      Progress: 400 done, 0 errors
2026-03-29 15:05:15,795  INFO    MCAR | 1pct | log_pop_total_poverty
2026-03-29 15:06:41,550  INFO      Progress: 450 done, 0 errors
2026-03-29 15:08:42,004  INFO      Progress: 500 done, 0 errors
2026-03-29 15:09:20,303  INFO      Progress: 550 done, 0 errors
2026-03-29 15:09:58,327  INFO      Progress: 600 done, 0 errors
2026-03-29 15:10:23,525  INFO    MCAR | 1pct | log_total_social_cap
2026-03-29 15:10:36,315  INFO      Progress: 650 done, 0 errors
2026-03-29 15:11:18,274  INFO      Progress: 700 done, 0 errors
2026-03-29 15:11:56,978  INFO      Progress: 750 done, 0 errors
2026-03-29 15:12:35,968  INFO      Progress: 800 done, 0 errors
2026-03-29 15:13:11,027  INFO    MCAR | 5pct | log_pop_black_aa
2026-03-29 15:13:16,842  INFO      Progress: 850 done, 0 errors
2026-03-29 15:13:55,906  INFO      Progress: 900 done, 0 errors
2026-03-29 15:14:36,290  INFO      Progress: 950 done, 0 errors
2026-03-29 15:15:14,097  INFO      Progress: 1000 done, 0 errors
2026-03-29 15:15:55,280  INFO      Progress: 1050 done, 0 errors
2026-03-29 15:15:55,281  INFO    MCAR | 5pct | log_total_bachelor_deg
2026-03-29 15:16:33,495  INFO      Progress: 1100 done, 0 errors
2026-03-29 15:17:11,379  INFO      Progress: 1150 done, 0 errors
2026-03-29 15:17:50,593  INFO      Progress: 1200 done, 0 errors
2026-03-29 15:18:33,829  INFO      Progress: 1250 done, 0 errors
2026-03-29 15:18:46,370  INFO    MCAR | 5pct | log_pop_total_poverty
2026-03-29 15:19:20,690  INFO      Progress: 1300 done, 0 errors
2026-03-29 15:20:01,442  INFO      Progress: 1350 done, 0 errors
2026-03-29 15:20:47,242  INFO      Progress: 1400 done, 0 errors
2026-03-29 15:21:33,567  INFO      Progress: 1450 done, 0 errors
2026-03-29 15:21:48,251  INFO    MCAR | 5pct | log_total_social_cap
2026-03-29 15:22:10,422  INFO      Progress: 1500 done, 0 errors
2026-03-29 15:22:49,019  INFO      Progress: 1550 done, 0 errors
2026-03-29 15:23:27,988  INFO      Progress: 1600 done, 0 errors
2026-03-29 15:24:08,855  INFO      Progress: 1650 done, 0 errors
2026-03-29 15:24:34,445  INFO    MCAR | 10pct | log_pop_black_aa
2026-03-29 15:24:36,829  INFO      Progress: 1700 done, 0 errors
2026-03-29 15:25:20,180  INFO      Progress: 1750 done, 0 errors
2026-03-29 15:26:02,725  INFO      Progress: 1800 done, 0 errors
2026-03-29 15:26:46,995  INFO      Progress: 1850 done, 0 errors
2026-03-29 15:27:27,087  INFO    MCAR | 10pct | log_total_bachelor_deg
2026-03-29 15:27:34,002  INFO      Progress: 1900 done, 0 errors
2026-03-29 15:28:20,480  INFO      Progress: 1950 done, 0 errors
2026-03-29 15:28:57,883  INFO      Progress: 2000 done, 0 errors
2026-03-29 15:29:29,759  INFO      Progress: 2050 done, 0 errors
2026-03-29 15:30:04,218  INFO      Progress: 2100 done, 0 errors
2026-03-29 15:30:04,218  INFO    MCAR | 10pct | log_pop_total_poverty
2026-03-29 15:30:40,512  INFO      Progress: 2150 done, 0 errors
2026-03-29 15:31:20,989  INFO      Progress: 2200 done, 0 errors
2026-03-29 15:32:02,016  INFO      Progress: 2250 done, 0 errors
2026-03-29 15:32:41,424  INFO      Progress: 2300 done, 0 errors
2026-03-29 15:32:52,173  INFO    MCAR | 10pct | log_total_social_cap
2026-03-29 15:33:22,020  INFO      Progress: 2350 done, 0 errors
2026-03-29 15:34:04,246  INFO      Progress: 2400 done, 0 errors
2026-03-29 15:34:47,569  INFO      Progress: 2450 done, 0 errors
2026-03-29 15:35:22,582  INFO      Progress: 2500 done, 0 errors
2026-03-29 15:35:36,827  INFO    MCAR | 20pct | log_pop_black_aa
2026-03-29 15:35:55,444  INFO      Progress: 2550 done, 0 errors
2026-03-29 15:36:27,473  INFO      Progress: 2600 done, 0 errors
2026-03-29 15:36:59,833  INFO      Progress: 2650 done, 0 errors
2026-03-29 15:37:32,830  INFO      Progress: 2700 done, 0 errors
2026-03-29 15:37:54,255  INFO    MCAR | 20pct | log_total_bachelor_deg
2026-03-29 15:38:04,539  INFO      Progress: 2750 done, 0 errors
2026-03-29 15:38:38,738  INFO      Progress: 2800 done, 0 errors
2026-03-29 15:39:09,424  INFO      Progress: 2850 done, 0 errors
2026-03-29 15:39:40,248  INFO      Progress: 2900 done, 0 errors
2026-03-29 15:40:06,083  INFO    MCAR | 20pct | log_pop_total_poverty
2026-03-29 15:40:11,010  INFO      Progress: 2950 done, 0 errors
2026-03-29 15:40:42,471  INFO      Progress: 3000 done, 0 errors
2026-03-29 15:41:14,801  INFO      Progress: 3050 done, 0 errors
2026-03-29 15:41:46,168  INFO      Progress: 3100 done, 0 errors
2026-03-29 15:42:30,853  INFO      Progress: 3150 done, 0 errors
2026-03-29 15:42:30,854  INFO    MCAR | 20pct | log_total_social_cap
2026-03-29 15:43:21,157  INFO      Progress: 3200 done, 0 errors
2026-03-29 15:44:10,681  INFO      Progress: 3250 done, 0 errors
2026-03-29 15:44:56,770  INFO      Progress: 3300 done, 0 errors
2026-03-29 15:45:44,668  INFO      Progress: 3350 done, 0 errors
2026-03-29 15:45:54,733  INFO    MCAR | 30pct | log_pop_black_aa
2026-03-29 15:46:22,642  INFO      Progress: 3400 done, 0 errors
2026-03-29 15:47:00,439  INFO      Progress: 3450 done, 0 errors
2026-03-29 15:47:34,237  INFO      Progress: 3500 done, 0 errors
2026-03-29 15:48:04,685  INFO      Progress: 3550 done, 0 errors
2026-03-29 15:48:17,555  INFO    MCAR | 30pct | log_total_bachelor_deg
2026-03-29 15:48:34,367  INFO      Progress: 3600 done, 0 errors
2026-03-29 15:49:03,543  INFO      Progress: 3650 done, 0 errors
2026-03-29 15:49:32,999  INFO      Progress: 3700 done, 0 errors
2026-03-29 15:50:14,568  INFO      Progress: 3750 done, 0 errors
2026-03-29 15:50:44,013  INFO    MCAR | 30pct | log_pop_total_poverty
2026-03-29 15:50:59,744  INFO      Progress: 3800 done, 0 errors
2026-03-29 15:51:50,594  INFO      Progress: 3850 done, 0 errors
2026-03-29 15:52:30,206  INFO      Progress: 3900 done, 0 errors
2026-03-29 15:53:06,726  INFO      Progress: 3950 done, 0 errors
2026-03-29 15:53:37,183  INFO    MCAR | 30pct | log_total_social_cap
2026-03-29 15:53:42,848  INFO      Progress: 4000 done, 0 errors
2026-03-29 15:54:15,162  INFO      Progress: 4050 done, 0 errors
2026-03-29 15:54:46,281  INFO      Progress: 4100 done, 0 errors
2026-03-29 15:55:18,744  INFO      Progress: 4150 done, 0 errors
2026-03-29 15:55:53,001  INFO      Progress: 4200 done, 0 errors
2026-03-29 15:55:53,001  INFO    MCAR | 40pct | log_pop_black_aa
2026-03-29 15:56:22,243  INFO      Progress: 4250 done, 0 errors
2026-03-29 15:56:51,422  INFO      Progress: 4300 done, 0 errors
2026-03-29 15:57:20,765  INFO      Progress: 4350 done, 0 errors
2026-03-29 15:57:53,381  INFO      Progress: 4400 done, 0 errors
2026-03-29 15:58:01,836  INFO    MCAR | 40pct | log_total_bachelor_deg
2026-03-29 15:58:24,361  INFO      Progress: 4450 done, 0 errors
2026-03-29 15:58:53,365  INFO      Progress: 4500 done, 0 errors
2026-03-29 15:59:30,280  INFO      Progress: 4550 done, 0 errors
2026-03-29 16:00:01,645  INFO      Progress: 4600 done, 0 errors
2026-03-29 16:00:15,070  INFO    MCAR | 40pct | log_pop_total_poverty
2026-03-29 16:00:33,644  INFO      Progress: 4650 done, 0 errors
2026-03-29 16:01:09,652  INFO      Progress: 4700 done, 0 errors
2026-03-29 16:01:45,939  INFO      Progress: 4750 done, 0 errors
2026-03-29 16:02:22,494  INFO      Progress: 4800 done, 0 errors
2026-03-29 16:02:44,157  INFO    MCAR | 40pct | log_total_social_cap
2026-03-29 16:02:54,511  INFO      Progress: 4850 done, 0 errors
2026-03-29 16:03:26,116  INFO      Progress: 4900 done, 0 errors
2026-03-29 16:03:55,227  INFO      Progress: 4950 done, 0 errors
2026-03-29 16:04:33,169  INFO      Progress: 5000 done, 0 errors
2026-03-29 16:05:03,579  INFO    MCAR | 50pct | log_pop_black_aa
2026-03-29 16:05:07,878  INFO      Progress: 5050 done, 0 errors
2026-03-29 16:05:36,175  INFO      Progress: 5100 done, 0 errors
