MCAR|1pct|kim_violence_gore|LD|0
MCAR|1pct|kim_violence_gore|Mean|0
MCAR|1pct|kim_violence_gore|Reg|0
MCAR|1pct|kim_violence_gore|Iter|0
MCAR|1pct|kim_violence_gore|RF|0
MCAR|1pct|kim_violence_gore|DL|0
MCAR|1pct|kim_violence_gore|MILGBM|0
MCAR|1pct|kim_violence_gore|LD|1
MCAR|1pct|kim_violence_gore|Mean|1
MCAR|1pct|kim_violence_gore|Reg|1
MCAR|1pct|kim_violence_gore|Iter|1
MCAR|1pct|kim_violence_gore|RF|1
MCAR|1pct|kim_violence_gore|DL|1
MCAR|1pct|kim_violence_gore|MILGBM|1
MCAR|10pct|kim_violence_gore|LD|0
MCAR|10pct|kim_violence_gore|Mean|0
MCAR|10pct|kim_violence_gore|Reg|0
MCAR|10pct|kim_violence_gore|Iter|0
MCAR|10pct|kim_violence_gore|RF|0
MCAR|10pct|kim_violence_gore|DL|0
MCAR|10pct|kim_violence_gore|MILGBM|0
MCAR|10pct|kim_violence_gore|LD|1
MCAR|10pct|kim_violence_gore|Mean|1
MCAR|10pct|kim_violence_gore|Reg|1
MCAR|10pct|kim_violence_gore|Iter|1
MCAR|10pct|kim_violence_gore|RF|1
MCAR|10pct|kim_violence_gore|DL|1
MCAR|10pct|kim_violence_gore|MILGBM|1
MAR|1pct|kim_violence_gore|LD|0
MAR|1pct|kim_violence_gore|Mean|0
MAR|1pct|kim_violence_gore|Reg|0
MAR|1pct|kim_violence_gore|Iter|0
MAR|1pct|kim_violence_gore|RF|0
MAR|1pct|kim_violence_gore|DL|0
MAR|1pct|kim_violence_gore|MILGBM|0
MAR|1pct|kim_violence_gore|LD|1
MAR|1pct|kim_violence_gore|Mean|1
MAR|1pct|kim_violence_gore|Reg|1
MAR|1pct|kim_violence_gore|Iter|1
MAR|1pct|kim_violence_gore|RF|1
MAR|1pct|kim_violence_gore|DL|1
MAR|1pct|kim_violence_gore|MILGBM|1
MAR|10pct|kim_violence_gore|LD|0
MAR|10pct|kim_violence_gore|Mean|0
MAR|10pct|kim_violence_gore|Reg|0
MAR|10pct|kim_violence_gore|Iter|0
MAR|10pct|kim_violence_gore|RF|0
MAR|10pct|kim_violence_gore|DL|0
MAR|10pct|kim_violence_gore|MILGBM|0
MAR|10pct|kim_violence_gore|LD|1
MAR|10pct|kim_violence_gore|Mean|1
MAR|10pct|kim_violence_gore|Reg|1
MAR|10pct|kim_violence_gore|Iter|1
MAR|10pct|kim_violence_gore|RF|1
MAR|10pct|kim_violence_gore|DL|1
MAR|10pct|kim_violence_gore|MILGBM|1
NMAR|1pct|kim_violence_gore|LD|0
NMAR|1pct|kim_violence_gore|Mean|0
NMAR|1pct|kim_violence_gore|Reg|0
NMAR|1pct|kim_violence_gore|Iter|0
NMAR|1pct|kim_violence_gore|RF|0
NMAR|1pct|kim_violence_gore|DL|0
NMAR|1pct|kim_violence_gore|MILGBM|0
NMAR|1pct|kim_violence_gore|LD|1
NMAR|1pct|kim_violence_gore|Mean|1
NMAR|1pct|kim_violence_gore|Reg|1
NMAR|1pct|kim_violence_gore|Iter|1
NMAR|1pct|kim_violence_gore|RF|1
NMAR|1pct|kim_violence_gore|DL|1
NMAR|1pct|kim_violence_gore|MILGBM|1
NMAR|10pct|kim_violence_gore|LD|0
NMAR|10pct|kim_violence_gore|Mean|0
NMAR|10pct|kim_violence_gore|Reg|0
NMAR|10pct|kim_violence_gore|Iter|0
NMAR|10pct|kim_violence_gore|RF|0
NMAR|10pct|kim_violence_gore|DL|0
NMAR|10pct|kim_violence_gore|MILGBM|0
NMAR|10pct|kim_violence_gore|LD|1
NMAR|10pct|kim_violence_gore|Mean|1
NMAR|10pct|kim_violence_gore|Reg|1
NMAR|10pct|kim_violence_gore|Iter|1
NMAR|10pct|kim_violence_gore|RF|1
NMAR|10pct|kim_violence_gore|DL|1
NMAR|10pct|kim_violence_gore|MILGBM|1
MCAR|1pct|kim_violence_gore|LD|2
MCAR|1pct|kim_violence_gore|Mean|2
MCAR|1pct|kim_violence_gore|Reg|2
MCAR|1pct|kim_violence_gore|Iter|2
MCAR|1pct|kim_violence_gore|RF|2
MCAR|1pct|kim_violence_gore|DL|2
MCAR|1pct|kim_violence_gore|MILGBM|2
MCAR|1pct|kim_violence_gore|LD|3
MCAR|1pct|kim_violence_gore|Mean|3
MCAR|1pct|kim_violence_gore|Reg|3
MCAR|1pct|kim_violence_gore|Iter|3
MCAR|1pct|kim_violence_gore|RF|3
MCAR|1pct|kim_violence_gore|DL|3
MCAR|1pct|kim_violence_gore|MILGBM|3
MCAR|1pct|kim_violence_gore|LD|4
MCAR|1pct|kim_violence_gore|Mean|4
MCAR|1pct|kim_violence_gore|Reg|4
MCAR|1pct|kim_violence_gore|Iter|4
MCAR|1pct|kim_violence_gore|RF|4
MCAR|1pct|kim_violence_gore|DL|4
MCAR|1pct|kim_violence_gore|MILGBM|4
MCAR|1pct|kim_violence_gore|LD|5
MCAR|1pct|kim_violence_gore|Mean|5
MCAR|1pct|kim_violence_gore|Reg|5
MCAR|1pct|kim_violence_gore|Iter|5
MCAR|1pct|kim_violence_gore|RF|5
MCAR|1pct|kim_violence_gore|DL|5
MCAR|1pct|kim_violence_gore|MILGBM|5
MCAR|1pct|kim_violence_gore|LD|6
MCAR|1pct|kim_violence_gore|Mean|6
MCAR|1pct|kim_violence_gore|Reg|6
MCAR|1pct|kim_violence_gore|Iter|6
MCAR|1pct|kim_violence_gore|RF|6
MCAR|1pct|kim_violence_gore|DL|6
MCAR|1pct|kim_violence_gore|MILGBM|6
MCAR|1pct|kim_violence_gore|LD|7
MCAR|1pct|kim_violence_gore|Mean|7
MCAR|1pct|kim_violence_gore|Reg|7
MCAR|1pct|kim_violence_gore|Iter|7
MCAR|1pct|kim_violence_gore|RF|7
MCAR|1pct|kim_violence_gore|DL|7
MCAR|1pct|kim_violence_gore|MILGBM|7
MCAR|1pct|kim_violence_gore|LD|8
MCAR|1pct|kim_violence_gore|Mean|8
MCAR|1pct|kim_violence_gore|Reg|8
MCAR|1pct|kim_violence_gore|Iter|8
MCAR|1pct|kim_violence_gore|RF|8
MCAR|1pct|kim_violence_gore|DL|8
MCAR|1pct|kim_violence_gore|MILGBM|8
MCAR|1pct|kim_violence_gore|LD|9
MCAR|1pct|kim_violence_gore|Mean|9
MCAR|1pct|kim_violence_gore|Reg|9
MCAR|1pct|kim_violence_gore|Iter|9
MCAR|1pct|kim_violence_gore|RF|9
MCAR|1pct|kim_violence_gore|DL|9
MCAR|1pct|kim_violence_gore|MILGBM|9
MCAR|1pct|kim_violence_gore|LD|10
MCAR|1pct|kim_violence_gore|Mean|10
MCAR|1pct|kim_violence_gore|Reg|10
MCAR|1pct|kim_violence_gore|Iter|10
MCAR|1pct|kim_violence_gore|RF|10
MCAR|1pct|kim_violence_gore|DL|10
MCAR|1pct|kim_violence_gore|MILGBM|10
MCAR|1pct|kim_violence_gore|LD|11
MCAR|1pct|kim_violence_gore|Mean|11
MCAR|1pct|kim_violence_gore|Reg|11
MCAR|1pct|kim_violence_gore|Iter|11
MCAR|1pct|kim_violence_gore|RF|11
MCAR|1pct|kim_violence_gore|DL|11
MCAR|1pct|kim_violence_gore|MILGBM|11
MCAR|1pct|kim_violence_gore|LD|12
MCAR|1pct|kim_violence_gore|Mean|12
MCAR|1pct|kim_violence_gore|Reg|12
MCAR|1pct|kim_violence_gore|Iter|12
MCAR|1pct|kim_violence_gore|RF|12
MCAR|1pct|kim_violence_gore|DL|12
MCAR|1pct|kim_violence_gore|MILGBM|12
MCAR|1pct|kim_violence_gore|LD|13
MCAR|1pct|kim_violence_gore|Mean|13
MCAR|1pct|kim_violence_gore|Reg|13
MCAR|1pct|kim_violence_gore|Iter|13
MCAR|1pct|kim_violence_gore|RF|13
MCAR|1pct|kim_violence_gore|DL|13
MCAR|1pct|kim_violence_gore|MILGBM|13
MCAR|1pct|kim_violence_gore|LD|14
MCAR|1pct|kim_violence_gore|Mean|14
MCAR|1pct|kim_violence_gore|Reg|14
MCAR|1pct|kim_violence_gore|Iter|14
MCAR|1pct|kim_violence_gore|RF|14
MCAR|1pct|kim_violence_gore|DL|14
MCAR|1pct|kim_violence_gore|MILGBM|14
MCAR|1pct|kim_violence_gore|LD|15
MCAR|1pct|kim_violence_gore|Mean|15
MCAR|1pct|kim_violence_gore|Reg|15
MCAR|1pct|kim_violence_gore|Iter|15
MCAR|1pct|kim_violence_gore|RF|15
MCAR|1pct|kim_violence_gore|DL|15
MCAR|1pct|kim_violence_gore|MILGBM|15
MCAR|1pct|kim_violence_gore|LD|16
MCAR|1pct|kim_violence_gore|Mean|16
MCAR|1pct|kim_violence_gore|Reg|16
MCAR|1pct|kim_violence_gore|Iter|16
MCAR|1pct|kim_violence_gore|RF|16
MCAR|1pct|kim_violence_gore|DL|16
MCAR|1pct|kim_violence_gore|MILGBM|16
MCAR|1pct|kim_violence_gore|LD|17
MCAR|1pct|kim_violence_gore|Mean|17
MCAR|1pct|kim_violence_gore|Reg|17
MCAR|1pct|kim_violence_gore|Iter|17
MCAR|1pct|kim_violence_gore|RF|17
MCAR|1pct|kim_violence_gore|DL|17
MCAR|1pct|kim_violence_gore|MILGBM|17
MCAR|1pct|kim_violence_gore|LD|18
MCAR|1pct|kim_violence_gore|Mean|18
MCAR|1pct|kim_violence_gore|Reg|18
MCAR|1pct|kim_violence_gore|Iter|18
MCAR|1pct|kim_violence_gore|RF|18
MCAR|1pct|kim_violence_gore|DL|18
MCAR|1pct|kim_violence_gore|MILGBM|18
MCAR|1pct|kim_violence_gore|LD|19
MCAR|1pct|kim_violence_gore|Mean|19
MCAR|1pct|kim_violence_gore|Reg|19
MCAR|1pct|kim_violence_gore|Iter|19
MCAR|1pct|kim_violence_gore|RF|19
MCAR|1pct|kim_violence_gore|DL|19
MCAR|1pct|kim_violence_gore|MILGBM|19
MCAR|1pct|kim_violence_gore|LD|20
MCAR|1pct|kim_violence_gore|Mean|20
MCAR|1pct|kim_violence_gore|Reg|20
MCAR|1pct|kim_violence_gore|Iter|20
MCAR|1pct|kim_violence_gore|RF|20
MCAR|1pct|kim_violence_gore|DL|20
MCAR|1pct|kim_violence_gore|MILGBM|20
MCAR|1pct|kim_violence_gore|LD|21
MCAR|1pct|kim_violence_gore|Mean|21
MCAR|1pct|kim_violence_gore|Reg|21
MCAR|1pct|kim_violence_gore|Iter|21
