2026-03-28 21:06:00,202  INFO  ============================================================
2026-03-28 21:06:00,203  INFO  Paper 0017 -- Mode: BASELINE
2026-03-28 21:06:00,203  INFO  ============================================================
2026-03-28 21:06:00,203  INFO  Loading source CSV from C:\Users\briac\Econ_Code\Oxford_MonteCarlo\Week 2\paper_statusandconsensus\movie_data.csv
2026-03-28 21:06:00,263  INFO  Loaded: 4,012 rows x 49 cols
2026-03-28 21:06:00,439  INFO  DATA.csv written to C:\Users\briac\Econ_Code\Oxford_MonteCarlo\Week 2\Paper_0017_StatusConsensus\DATA.csv (4,012 rows x 50 cols)
2026-03-28 21:06:03,112  INFO  Running baseline regression (m.pooled.sd) with statsmodels OLS...
2026-03-28 21:06:03,117  INFO  Regression sample: N = 4,012
2026-03-28 21:06:03,300  INFO  statsmodels OLS complete
2026-03-28 21:06:03,315  INFO  Baseline mode complete. Review output above and update confignotes.txt.
2026-03-28 21:06:03,315  INFO  DO NOT proceed to simulation until baseline is confirmed matched.
2026-03-29 09:52:16,522  INFO  ============================================================
2026-03-29 09:52:16,523  INFO  Paper 0017 -- Mode: SMOKE
2026-03-29 09:52:16,523  INFO  ============================================================
2026-03-29 09:52:16,524  INFO  DATA.csv already exists -- loading from C:\Users\briac\Econ_Code\Oxford_MonteCarlo\Week 2\Paper_0017_StatusConsensus\DATA.csv
2026-03-29 09:52:19,707  INFO  Running baseline regression (m.pooled.sd) with statsmodels OLS...
2026-03-29 09:52:19,718  INFO  Regression sample: N = 4,012
2026-03-29 09:52:19,925  INFO  statsmodels OLS complete
2026-03-29 09:52:19,944  INFO  SMOKE TEST: 3 mechs x 2 levels x 1 var x 2 iters x 7 methods = 84 runs
2026-03-29 09:52:19,945  INFO  Resuming: 0 combinations already complete
2026-03-29 09:52:19,947  INFO  Baseline focal coef: {'coef': 0.04679622884636058, 'se': 0.008036098188896045, 'pval': 6.231068049947944e-09, 'nobs': 4012, 'sign': 1, 'sig': True}
2026-03-29 09:52:19,949  INFO    MCAR | 1pct | kim_violence_gore
2026-03-29 09:52:28,101  INFO    MCAR | 10pct | kim_violence_gore
2026-03-29 09:52:34,112  INFO    MAR | 1pct | kim_violence_gore
2026-03-29 09:52:40,725  INFO    MAR | 10pct | kim_violence_gore
2026-03-29 09:52:44,035  INFO      Progress: 50 done, 0 errors
2026-03-29 09:52:47,214  INFO    NMAR | 1pct | kim_violence_gore
2026-03-29 09:52:53,548  INFO    NMAR | 10pct | kim_violence_gore
2026-03-29 09:53:09,998  INFO  Simulation complete: 84 done, 0 errors
2026-03-29 09:53:09,998  INFO  Computing NMAR diagnostics...
2026-03-29 09:53:16,356  INFO  Writing Excel workbook to C:\Users\briac\Econ_Code\Oxford_MonteCarlo\Week 2\Paper_0017_StatusConsensus\SMOKE_Stroube2024Report_0017.xlsx ...
2026-03-29 09:53:17,032  INFO  Workbook written: C:\Users\briac\Econ_Code\Oxford_MonteCarlo\Week 2\Paper_0017_StatusConsensus\SMOKE_Stroube2024Report_0017.xlsx
2026-03-29 09:53:17,034  INFO  Smoke test complete.
2026-03-29 10:14:29,317  INFO  ============================================================
2026-03-29 10:14:29,346  INFO  Paper 0017 -- Mode: FULL
2026-03-29 10:14:29,347  INFO  ============================================================
2026-03-29 10:14:29,347  INFO  DATA.csv already exists -- loading from C:\Users\briac\Econ_Code\Oxford_MonteCarlo\Week 2\Paper_0017_StatusConsensus\DATA.csv
2026-03-29 10:14:31,109  INFO  Running baseline regression (m.pooled.sd) with statsmodels OLS...
2026-03-29 10:14:31,123  INFO  Regression sample: N = 4,012
2026-03-29 10:14:31,384  INFO  statsmodels OLS complete
2026-03-29 10:14:31,429  INFO  FULL RUN: 3 x 7 x 4 x 30 x 7 = 17640 runs
2026-03-29 10:14:31,460  INFO  Resuming: 84 combinations already complete
2026-03-29 10:14:31,465  INFO  Baseline focal coef: {'coef': 0.04679622884636058, 'se': 0.008036098188896045, 'pval': 6.231068049947944e-09, 'nobs': 4012, 'sign': 1, 'sig': True}
2026-03-29 10:14:31,469  INFO    MCAR | 1pct | kim_violence_gore
2026-03-29 10:15:08,409  INFO      Progress: 50 done, 0 errors
2026-03-29 10:16:02,243  INFO      Progress: 100 done, 0 errors
2026-03-29 10:16:49,360  INFO      Progress: 150 done, 0 errors
2026-03-29 10:17:11,774  INFO      Progress: 200 done, 0 errors
2026-03-29 10:17:17,063  INFO    MCAR | 1pct | kim_sex_nudity
2026-03-29 10:17:50,847  INFO      Progress: 250 done, 0 errors
2026-03-29 10:18:47,465  INFO      Progress: 300 done, 0 errors
2026-03-29 10:19:45,506  INFO      Progress: 350 done, 0 errors
2026-03-29 10:20:44,116  INFO      Progress: 400 done, 0 errors
2026-03-29 10:21:09,791  INFO    MCAR | 1pct | kim_language
2026-03-29 10:21:44,257  INFO      Progress: 450 done, 0 errors
2026-03-29 10:22:40,318  INFO      Progress: 500 done, 0 errors
2026-03-29 10:23:37,971  INFO      Progress: 550 done, 0 errors
2026-03-29 10:24:35,706  INFO      Progress: 600 done, 0 errors
2026-03-29 10:25:13,986  INFO    MCAR | 1pct | log_bom_opening_theaters
2026-03-29 10:25:32,453  INFO      Progress: 650 done, 0 errors
2026-03-29 10:26:32,006  INFO      Progress: 700 done, 0 errors
2026-03-29 10:27:27,088  INFO      Progress: 750 done, 0 errors
2026-03-29 10:28:18,366  INFO      Progress: 800 done, 0 errors
2026-03-29 10:29:03,903  INFO    MCAR | 5pct | kim_violence_gore
2026-03-29 10:29:12,735  INFO      Progress: 850 done, 0 errors
2026-03-29 10:30:11,993  INFO      Progress: 900 done, 0 errors
2026-03-29 10:31:13,417  INFO      Progress: 950 done, 0 errors
2026-03-29 10:32:13,319  INFO      Progress: 1000 done, 0 errors
2026-03-29 10:33:18,166  INFO      Progress: 1050 done, 0 errors
2026-03-29 10:33:18,167  INFO    MCAR | 5pct | kim_sex_nudity
2026-03-29 10:34:17,766  INFO      Progress: 1100 done, 0 errors
2026-03-29 10:35:18,375  INFO      Progress: 1150 done, 0 errors
2026-03-29 15:03:51,609  INFO      Progress: 1200 done, 0 errors
2026-03-29 15:04:39,307  INFO      Progress: 1250 done, 0 errors
2026-03-29 15:04:50,030  INFO    MCAR | 5pct | kim_language
2026-03-29 15:05:30,766  INFO      Progress: 1300 done, 0 errors
2026-03-29 15:06:22,372  INFO      Progress: 1350 done, 0 errors
2026-03-29 15:07:16,343  INFO      Progress: 1400 done, 0 errors
2026-03-29 15:08:08,410  INFO      Progress: 1450 done, 0 errors
2026-03-29 15:08:32,894  INFO    MCAR | 5pct | log_bom_opening_theaters
2026-03-29 15:08:39,639  INFO      Progress: 1500 done, 0 errors
2026-03-29 15:08:51,669  INFO      Progress: 1550 done, 0 errors
2026-03-29 15:09:03,601  INFO      Progress: 1600 done, 0 errors
2026-03-29 15:09:16,232  INFO      Progress: 1650 done, 0 errors
2026-03-29 15:09:24,215  INFO    MCAR | 10pct | kim_violence_gore
2026-03-29 15:09:25,125  INFO      Progress: 1700 done, 0 errors
2026-03-29 15:09:38,458  INFO      Progress: 1750 done, 0 errors
2026-03-29 15:09:50,384  INFO      Progress: 1800 done, 0 errors
2026-03-29 15:10:02,581  INFO      Progress: 1850 done, 0 errors
2026-03-29 15:10:12,719  INFO    MCAR | 10pct | kim_sex_nudity
2026-03-29 15:10:14,838  INFO      Progress: 1900 done, 0 errors
2026-03-29 15:10:27,349  INFO      Progress: 1950 done, 0 errors
2026-03-29 15:10:39,611  INFO      Progress: 2000 done, 0 errors
2026-03-29 15:10:51,837  INFO      Progress: 2050 done, 0 errors
2026-03-29 15:11:04,851  INFO      Progress: 2100 done, 0 errors
2026-03-29 15:11:04,851  INFO    MCAR | 10pct | kim_language
2026-03-29 15:11:17,728  INFO      Progress: 2150 done, 0 errors
2026-03-29 15:11:29,898  INFO      Progress: 2200 done, 0 errors
2026-03-29 15:11:42,272  INFO      Progress: 2250 done, 0 errors
2026-03-29 15:11:54,374  INFO      Progress: 2300 done, 0 errors
2026-03-29 15:11:57,431  INFO    MCAR | 10pct | log_bom_opening_theaters
2026-03-29 15:12:06,457  INFO      Progress: 2350 done, 0 errors
2026-03-29 15:12:18,669  INFO      Progress: 2400 done, 0 errors
2026-03-29 15:12:31,693  INFO      Progress: 2450 done, 0 errors
2026-03-29 15:12:44,209  INFO      Progress: 2500 done, 0 errors
2026-03-29 15:12:52,527  INFO    MCAR | 20pct | kim_violence_gore
2026-03-29 15:13:00,291  INFO      Progress: 2550 done, 0 errors
2026-03-29 15:13:12,397  INFO      Progress: 2600 done, 0 errors
2026-03-29 15:13:25,143  INFO      Progress: 2650 done, 0 errors
2026-03-29 15:13:38,708  INFO      Progress: 2700 done, 0 errors
2026-03-29 15:13:46,549  INFO    MCAR | 20pct | kim_sex_nudity
2026-03-29 15:13:50,706  INFO      Progress: 2750 done, 0 errors
2026-03-29 15:14:03,554  INFO      Progress: 2800 done, 0 errors
2026-03-29 15:14:15,621  INFO      Progress: 2850 done, 0 errors
2026-03-29 15:14:29,407  INFO      Progress: 2900 done, 0 errors
2026-03-29 15:14:40,264  INFO    MCAR | 20pct | kim_language
2026-03-29 15:14:42,311  INFO      Progress: 2950 done, 0 errors
2026-03-29 15:14:54,505  INFO      Progress: 3000 done, 0 errors
2026-03-29 15:15:06,705  INFO      Progress: 3050 done, 0 errors
2026-03-29 15:15:18,631  INFO      Progress: 3100 done, 0 errors
2026-03-29 15:15:31,777  INFO      Progress: 3150 done, 0 errors
2026-03-29 15:15:31,777  INFO    MCAR | 20pct | log_bom_opening_theaters
2026-03-29 15:15:43,394  INFO      Progress: 3200 done, 0 errors
2026-03-29 15:15:55,244  INFO      Progress: 3250 done, 0 errors
2026-03-29 15:16:07,023  INFO      Progress: 3300 done, 0 errors
2026-03-29 15:16:18,808  INFO      Progress: 3350 done, 0 errors
2026-03-29 15:16:21,681  INFO    MCAR | 30pct | kim_violence_gore
2026-03-29 15:16:30,852  INFO      Progress: 3400 done, 0 errors
2026-03-29 15:16:43,001  INFO      Progress: 3450 done, 0 errors
2026-03-29 15:16:55,541  INFO      Progress: 3500 done, 0 errors
2026-03-29 15:17:07,259  INFO      Progress: 3550 done, 0 errors
2026-03-29 15:17:12,165  INFO    MCAR | 30pct | kim_sex_nudity
2026-03-29 15:17:18,907  INFO      Progress: 3600 done, 0 errors
2026-03-29 15:17:30,891  INFO      Progress: 3650 done, 0 errors
2026-03-29 15:17:44,233  INFO      Progress: 3700 done, 0 errors
2026-03-29 15:17:56,418  INFO      Progress: 3750 done, 0 errors
2026-03-29 15:18:04,526  INFO    MCAR | 30pct | kim_language
2026-03-29 15:18:08,623  INFO      Progress: 3800 done, 0 errors
2026-03-29 15:18:23,255  INFO      Progress: 3850 done, 0 errors
2026-03-29 15:18:38,779  INFO      Progress: 3900 done, 0 errors
2026-03-29 15:18:54,015  INFO      Progress: 3950 done, 0 errors
2026-03-29 15:19:05,769  INFO    MCAR | 30pct | log_bom_opening_theaters
2026-03-29 15:19:07,960  INFO      Progress: 4000 done, 0 errors
2026-03-29 15:19:22,066  INFO      Progress: 4050 done, 0 errors
2026-03-29 15:19:34,095  INFO      Progress: 4100 done, 0 errors
2026-03-29 15:19:46,467  INFO      Progress: 4150 done, 0 errors
2026-03-29 15:20:00,499  INFO      Progress: 4200 done, 0 errors
2026-03-29 15:20:00,499  INFO    MCAR | 40pct | kim_violence_gore
2026-03-29 15:20:12,614  INFO      Progress: 4250 done, 0 errors
2026-03-29 15:20:25,359  INFO      Progress: 4300 done, 0 errors
2026-03-29 15:20:38,902  INFO      Progress: 4350 done, 0 errors
2026-03-29 15:20:54,026  INFO      Progress: 4400 done, 0 errors
2026-03-29 15:20:57,667  INFO    MCAR | 40pct | kim_sex_nudity
2026-03-29 15:21:08,897  INFO      Progress: 4450 done, 0 errors
2026-03-29 15:21:24,285  INFO      Progress: 4500 done, 0 errors
2026-03-29 15:21:36,592  INFO      Progress: 4550 done, 0 errors
2026-03-29 15:21:47,062  INFO      Progress: 4600 done, 0 errors
2026-03-29 15:21:51,504  INFO    MCAR | 40pct | kim_language
2026-03-29 15:21:58,666  INFO      Progress: 4650 done, 0 errors
2026-03-29 15:22:10,072  INFO      Progress: 4700 done, 0 errors
2026-03-29 15:22:21,521  INFO      Progress: 4750 done, 0 errors
2026-03-29 15:22:32,557  INFO      Progress: 4800 done, 0 errors
2026-03-29 15:22:39,869  INFO    MCAR | 40pct | log_bom_opening_theaters
2026-03-29 15:22:44,481  INFO      Progress: 4850 done, 0 errors
2026-03-29 15:22:57,374  INFO      Progress: 4900 done, 0 errors
2026-03-29 15:23:07,990  INFO      Progress: 4950 done, 0 errors
2026-03-29 15:23:19,653  INFO      Progress: 5000 done, 0 errors
2026-03-29 15:23:29,331  INFO    MCAR | 50pct | kim_violence_gore
2026-03-29 15:23:31,048  INFO      Progress: 5050 done, 0 errors
2026-03-29 15:23:42,357  INFO      Progress: 5100 done, 0 errors
2026-03-29 15:23:53,976  INFO      Progress: 5150 done, 0 errors
2026-03-29 15:24:06,770  INFO      Progress: 5200 done, 0 errors
2026-03-29 15:24:19,151  INFO      Progress: 5250 done, 0 errors
2026-03-29 15:24:19,151  INFO    MCAR | 50pct | kim_sex_nudity
2026-03-29 15:24:30,029  INFO      Progress: 5300 done, 0 errors
2026-03-29 15:24:41,691  INFO      Progress: 5350 done, 0 errors
2026-03-29 15:24:52,386  INFO      Progress: 5400 done, 0 errors
2026-03-29 15:25:04,758  INFO      Progress: 5450 done, 0 errors
2026-03-29 15:25:07,574  INFO    MCAR | 50pct | kim_language
2026-03-29 15:25:16,942  INFO      Progress: 5500 done, 0 errors
2026-03-29 15:25:29,101  INFO      Progress: 5550 done, 0 errors
2026-03-29 15:25:42,507  INFO      Progress: 5600 done, 0 errors
2026-03-29 15:25:54,738  INFO      Progress: 5650 done, 0 errors
2026-03-29 15:26:00,039  INFO    MCAR | 50pct | log_bom_opening_theaters
2026-03-29 15:26:06,635  INFO      Progress: 5700 done, 0 errors
2026-03-29 15:26:18,505  INFO      Progress: 5750 done, 0 errors
2026-03-29 15:26:31,460  INFO      Progress: 5800 done, 0 errors
2026-03-29 15:26:45,724  INFO      Progress: 5850 done, 0 errors
2026-03-29 15:26:54,662  INFO    MAR | 1pct | kim_violence_gore
2026-03-29 15:26:55,581  INFO      Progress: 5900 done, 0 errors
2026-03-29 15:27:12,259  INFO      Progress: 5950 done, 0 errors
2026-03-29 15:27:27,619  INFO      Progress: 6000 done, 0 errors
2026-03-29 15:27:43,933  INFO      Progress: 6050 done, 0 errors
2026-03-29 15:27:58,634  INFO    MAR | 1pct | kim_sex_nudity
2026-03-29 15:28:00,924  INFO      Progress: 6100 done, 0 errors
2026-03-29 15:28:16,166  INFO      Progress: 6150 done, 0 errors
2026-03-29 15:28:32,483  INFO      Progress: 6200 done, 0 errors
2026-03-29 15:28:43,474  INFO      Progress: 6250 done, 0 errors
2026-03-29 15:28:55,240  INFO      Progress: 6300 done, 0 errors
2026-03-29 15:28:55,240  INFO    MAR | 1pct | kim_language
2026-03-29 15:29:05,437  INFO      Progress: 6350 done, 0 errors
2026-03-29 15:29:15,628  INFO      Progress: 6400 done, 0 errors
2026-03-29 15:29:26,097  INFO      Progress: 6450 done, 0 errors
2026-03-29 15:29:36,570  INFO      Progress: 6500 done, 0 errors
2026-03-29 15:29:39,098  INFO    MAR | 1pct | log_bom_opening_theaters
2026-03-29 15:29:46,644  INFO      Progress: 6550 done, 0 errors
2026-03-29 15:29:56,504  INFO      Progress: 6600 done, 0 errors
2026-03-29 15:30:07,066  INFO      Progress: 6650 done, 0 errors
2026-03-29 15:30:17,009  INFO      Progress: 6700 done, 0 errors
2026-03-29 15:30:21,294  INFO    MAR | 5pct | kim_violence_gore
2026-03-29 15:30:28,848  INFO      Progress: 6750 done, 0 errors
2026-03-29 15:30:42,844  INFO      Progress: 6800 done, 0 errors
2026-03-29 15:30:56,082  INFO      Progress: 6850 done, 0 errors
2026-03-29 15:31:10,311  INFO      Progress: 6900 done, 0 errors
2026-03-29 15:31:19,375  INFO    MAR | 5pct | kim_sex_nudity
2026-03-29 15:31:24,101  INFO      Progress: 6950 done, 0 errors
2026-03-29 15:31:38,540  INFO      Progress: 7000 done, 0 errors
2026-03-29 15:31:52,725  INFO      Progress: 7050 done, 0 errors
2026-03-29 15:32:06,791  INFO      Progress: 7100 done, 0 errors
2026-03-29 15:32:17,548  INFO    MAR | 5pct | kim_language
2026-03-29 15:32:19,584  INFO      Progress: 7150 done, 0 errors
2026-03-29 15:32:32,514  INFO      Progress: 7200 done, 0 errors
2026-03-29 15:32:45,453  INFO      Progress: 7250 done, 0 errors
2026-03-29 15:32:59,006  INFO      Progress: 7300 done, 0 errors
2026-03-29 15:33:12,625  INFO      Progress: 7350 done, 0 errors
2026-03-29 15:33:12,625  INFO    MAR | 5pct | log_bom_opening_theaters
2026-03-29 15:33:25,425  INFO      Progress: 7400 done, 0 errors
2026-03-29 15:33:38,499  INFO      Progress: 7450 done, 0 errors
2026-03-29 15:33:51,603  INFO      Progress: 7500 done, 0 errors
2026-03-29 15:34:05,555  INFO      Progress: 7550 done, 0 errors
2026-03-29 15:34:08,759  INFO    MAR | 10pct | kim_violence_gore
2026-03-29 15:34:15,443  INFO      Progress: 7600 done, 0 errors
2026-03-29 15:34:28,038  INFO      Progress: 7650 done, 0 errors
2026-03-29 15:34:41,745  INFO      Progress: 7700 done, 0 errors
2026-03-29 15:34:54,902  INFO      Progress: 7750 done, 0 errors
2026-03-29 15:34:59,833  INFO    MAR | 10pct | kim_sex_nudity
2026-03-29 15:35:05,792  INFO      Progress: 7800 done, 0 errors
2026-03-29 15:35:15,965  INFO      Progress: 7850 done, 0 errors
2026-03-29 15:35:26,144  INFO      Progress: 7900 done, 0 errors
2026-03-29 15:35:36,386  INFO      Progress: 7950 done, 0 errors
2026-03-29 15:35:43,076  INFO    MAR | 10pct | kim_language
2026-03-29 15:35:46,569  INFO      Progress: 8000 done, 0 errors
2026-03-29 15:35:57,491  INFO      Progress: 8050 done, 0 errors
2026-03-29 15:36:07,664  INFO      Progress: 8100 done, 0 errors
2026-03-29 15:36:17,668  INFO      Progress: 8150 done, 0 errors
2026-03-29 15:36:26,278  INFO    MAR | 10pct | log_bom_opening_theaters
2026-03-29 15:36:27,868  INFO      Progress: 8200 done, 0 errors
2026-03-29 15:36:37,718  INFO      Progress: 8250 done, 0 errors
2026-03-29 15:36:47,564  INFO      Progress: 8300 done, 0 errors
2026-03-29 15:36:57,273  INFO      Progress: 8350 done, 0 errors
2026-03-29 15:37:07,796  INFO      Progress: 8400 done, 0 errors
2026-03-29 15:37:07,796  INFO    MAR | 20pct | kim_violence_gore
2026-03-29 15:37:17,892  INFO      Progress: 8450 done, 0 errors
2026-03-29 15:37:27,844  INFO      Progress: 8500 done, 0 errors
2026-03-29 15:37:37,802  INFO      Progress: 8550 done, 0 errors
2026-03-29 15:37:47,796  INFO      Progress: 8600 done, 0 errors
2026-03-29 15:37:50,206  INFO    MAR | 20pct | kim_sex_nudity
2026-03-29 15:37:57,963  INFO      Progress: 8650 done, 0 errors
2026-03-29 15:38:07,824  INFO      Progress: 8700 done, 0 errors
2026-03-29 15:38:18,575  INFO      Progress: 8750 done, 0 errors
2026-03-29 15:38:28,605  INFO      Progress: 8800 done, 0 errors
2026-03-29 15:38:32,753  INFO    MAR | 20pct | kim_language
2026-03-29 15:38:38,515  INFO      Progress: 8850 done, 0 errors
2026-03-29 15:38:48,323  INFO      Progress: 8900 done, 0 errors
2026-03-29 15:38:58,480  INFO      Progress: 8950 done, 0 errors
2026-03-29 15:39:08,454  INFO      Progress: 9000 done, 0 errors
2026-03-29 15:39:14,824  INFO    MAR | 20pct | log_bom_opening_theaters
2026-03-29 15:39:18,102  INFO      Progress: 9050 done, 0 errors
2026-03-29 15:39:28,402  INFO      Progress: 9100 done, 0 errors
2026-03-29 15:39:37,984  INFO      Progress: 9150 done, 0 errors
2026-03-29 15:39:47,777  INFO      Progress: 9200 done, 0 errors
2026-03-29 15:39:55,664  INFO    MAR | 30pct | kim_violence_gore
2026-03-29 15:39:57,202  INFO      Progress: 9250 done, 0 errors
2026-03-29 15:40:07,125  INFO      Progress: 9300 done, 0 errors
2026-03-29 15:40:16,844  INFO      Progress: 9350 done, 0 errors
2026-03-29 15:40:26,665  INFO      Progress: 9400 done, 0 errors
2026-03-29 15:40:37,074  INFO      Progress: 9450 done, 0 errors
2026-03-29 15:40:37,074  INFO    MAR | 30pct | kim_sex_nudity
2026-03-29 15:40:46,766  INFO      Progress: 9500 done, 0 errors
2026-03-29 15:40:56,502  INFO      Progress: 9550 done, 0 errors
2026-03-29 15:41:06,212  INFO      Progress: 9600 done, 0 errors
2026-03-29 15:41:15,963  INFO      Progress: 9650 done, 0 errors
2026-03-29 15:41:18,424  INFO    MAR | 30pct | kim_language
2026-03-29 15:41:26,034  INFO      Progress: 9700 done, 0 errors
2026-03-29 15:41:35,595  INFO      Progress: 9750 done, 0 errors
2026-03-29 15:41:46,185  INFO      Progress: 9800 done, 0 errors
2026-03-29 15:41:58,381  INFO      Progress: 9850 done, 0 errors
2026-03-29 15:42:03,809  INFO    MAR | 30pct | log_bom_opening_theaters
2026-03-29 15:42:11,270  INFO      Progress: 9900 done, 0 errors
2026-03-29 15:42:24,397  INFO      Progress: 9950 done, 0 errors
2026-03-29 15:42:41,183  INFO      Progress: 10000 done, 0 errors
2026-03-29 15:42:56,550  INFO      Progress: 10050 done, 0 errors
2026-03-29 15:43:06,439  INFO    MAR | 40pct | kim_violence_gore
2026-03-29 15:43:12,221  INFO      Progress: 10100 done, 0 errors
2026-03-29 15:43:29,487  INFO      Progress: 10150 done, 0 errors
2026-03-29 15:43:45,089  INFO      Progress: 10200 done, 0 errors
2026-03-29 15:44:00,948  INFO      Progress: 10250 done, 0 errors
2026-03-29 15:44:14,086  INFO    MAR | 40pct | kim_sex_nudity
2026-03-29 15:44:16,282  INFO      Progress: 10300 done, 0 errors
2026-03-29 15:44:29,969  INFO      Progress: 10350 done, 0 errors
2026-03-29 15:44:44,999  INFO      Progress: 10400 done, 0 errors
2026-03-29 15:44:59,623  INFO      Progress: 10450 done, 0 errors
2026-03-29 15:45:16,987  INFO      Progress: 10500 done, 0 errors
2026-03-29 15:45:16,987  INFO    MAR | 40pct | kim_language
2026-03-29 15:45:32,141  INFO      Progress: 10550 done, 0 errors
2026-03-29 15:45:46,029  INFO      Progress: 10600 done, 0 errors
2026-03-29 15:45:58,156  INFO      Progress: 10650 done, 0 errors
2026-03-29 15:46:10,950  INFO      Progress: 10700 done, 0 errors
2026-03-29 15:46:14,227  INFO    MAR | 40pct | log_bom_opening_theaters
2026-03-29 15:46:23,602  INFO      Progress: 10750 done, 0 errors
2026-03-29 15:46:35,244  INFO      Progress: 10800 done, 0 errors
2026-03-29 15:46:49,399  INFO      Progress: 10850 done, 0 errors
2026-03-29 15:47:01,871  INFO      Progress: 10900 done, 0 errors
2026-03-29 15:47:06,726  INFO    MAR | 50pct | kim_violence_gore
2026-03-29 15:47:12,189  INFO      Progress: 10950 done, 0 errors
2026-03-29 15:47:21,484  INFO      Progress: 11000 done, 0 errors
2026-03-29 15:47:30,999  INFO      Progress: 11050 done, 0 errors
2026-03-29 15:47:40,660  INFO      Progress: 11100 done, 0 errors
2026-03-29 15:47:46,832  INFO    MAR | 50pct | kim_sex_nudity
2026-03-29 15:47:50,220  INFO      Progress: 11150 done, 0 errors
2026-03-29 15:48:00,278  INFO      Progress: 11200 done, 0 errors
2026-03-29 15:48:09,596  INFO      Progress: 11250 done, 0 errors
2026-03-29 15:48:18,838  INFO      Progress: 11300 done, 0 errors
2026-03-29 15:48:26,656  INFO    MAR | 50pct | kim_language
2026-03-29 15:48:28,224  INFO      Progress: 11350 done, 0 errors
2026-03-29 15:48:37,722  INFO      Progress: 11400 done, 0 errors
2026-03-29 15:48:47,232  INFO      Progress: 11450 done, 0 errors
2026-03-29 15:48:56,411  INFO      Progress: 11500 done, 0 errors
2026-03-29 15:49:06,420  INFO      Progress: 11550 done, 0 errors
2026-03-29 15:49:06,420  INFO    MAR | 50pct | log_bom_opening_theaters
2026-03-29 15:49:15,571  INFO      Progress: 11600 done, 0 errors
2026-03-29 15:49:24,676  INFO      Progress: 11650 done, 0 errors
2026-03-29 15:49:34,013  INFO      Progress: 11700 done, 0 errors
2026-03-29 15:49:45,770  INFO      Progress: 11750 done, 0 errors
2026-03-29 15:49:49,069  INFO    NMAR | 1pct | kim_violence_gore
2026-03-29 15:49:57,263  INFO      Progress: 11800 done, 0 errors
2026-03-29 15:50:14,355  INFO      Progress: 11850 done, 0 errors
2026-03-29 15:50:32,587  INFO      Progress: 11900 done, 0 errors
2026-03-29 15:50:49,656  INFO      Progress: 11950 done, 0 errors
2026-03-29 15:50:56,764  INFO    NMAR | 1pct | kim_sex_nudity
2026-03-29 15:51:06,620  INFO      Progress: 12000 done, 0 errors
2026-03-29 15:51:22,735  INFO      Progress: 12050 done, 0 errors
2026-03-29 15:51:39,911  INFO      Progress: 12100 done, 0 errors
2026-03-29 15:51:56,037  INFO      Progress: 12150 done, 0 errors
2026-03-29 15:52:05,279  INFO    NMAR | 1pct | kim_language
2026-03-29 15:52:10,634  INFO      Progress: 12200 done, 0 errors
2026-03-29 15:52:25,500  INFO      Progress: 12250 done, 0 errors
2026-03-29 15:52:39,052  INFO      Progress: 12300 done, 0 errors
2026-03-29 15:52:52,077  INFO      Progress: 12350 done, 0 errors
2026-03-29 15:53:03,240  INFO    NMAR | 1pct | log_bom_opening_theaters
2026-03-29 15:53:05,245  INFO      Progress: 12400 done, 0 errors
2026-03-29 15:53:17,778  INFO      Progress: 12450 done, 0 errors
2026-03-29 15:53:30,059  INFO      Progress: 12500 done, 0 errors
2026-03-29 15:53:43,022  INFO      Progress: 12550 done, 0 errors
2026-03-29 15:53:55,350  INFO      Progress: 12600 done, 0 errors
2026-03-29 15:53:55,350  INFO    NMAR | 5pct | kim_violence_gore
2026-03-29 15:54:05,847  INFO      Progress: 12650 done, 0 errors
2026-03-29 15:54:15,971  INFO      Progress: 12700 done, 0 errors
2026-03-29 15:54:26,327  INFO      Progress: 12750 done, 0 errors
2026-03-29 15:54:36,487  INFO      Progress: 12800 done, 0 errors
2026-03-29 15:54:38,951  INFO    NMAR | 5pct | kim_sex_nudity
2026-03-29 15:54:46,699  INFO      Progress: 12850 done, 0 errors
2026-03-29 15:54:56,921  INFO      Progress: 12900 done, 0 errors
2026-03-29 15:55:07,871  INFO      Progress: 12950 done, 0 errors
2026-03-29 15:55:20,387  INFO      Progress: 13000 done, 0 errors
2026-03-29 15:55:24,852  INFO    NMAR | 5pct | kim_language
2026-03-29 15:55:31,016  INFO      Progress: 13050 done, 0 errors
2026-03-29 15:55:41,707  INFO      Progress: 13100 done, 0 errors
2026-03-29 15:55:52,588  INFO      Progress: 13150 done, 0 errors
2026-03-29 15:56:03,201  INFO      Progress: 13200 done, 0 errors
2026-03-29 15:56:10,139  INFO    NMAR | 5pct | log_bom_opening_theaters
2026-03-29 15:56:13,684  INFO      Progress: 13250 done, 0 errors
2026-03-29 15:56:24,755  INFO      Progress: 13300 done, 0 errors
2026-03-29 15:56:34,874  INFO      Progress: 13350 done, 0 errors
2026-03-29 15:56:45,189  INFO      Progress: 13400 done, 0 errors
2026-03-29 15:56:53,730  INFO    NMAR | 10pct | kim_violence_gore
2026-03-29 15:57:03,183  INFO      Progress: 13500 done, 0 errors
2026-03-29 15:57:13,752  INFO      Progress: 13550 done, 0 errors
2026-03-29 15:57:23,997  INFO      Progress: 13600 done, 0 errors
2026-03-29 15:57:35,621  INFO      Progress: 13650 done, 0 errors
2026-03-29 15:57:35,622  INFO    NMAR | 10pct | kim_sex_nudity
2026-03-29 15:57:49,203  INFO      Progress: 13700 done, 0 errors
2026-03-29 15:58:01,745  INFO      Progress: 13750 done, 0 errors
2026-03-29 15:58:12,449  INFO      Progress: 13800 done, 0 errors
2026-03-29 15:58:23,718  INFO      Progress: 13850 done, 0 errors
2026-03-29 15:58:26,337  INFO    NMAR | 10pct | kim_language
2026-03-29 15:58:34,135  INFO      Progress: 13900 done, 0 errors
2026-03-29 15:58:44,285  INFO      Progress: 13950 done, 0 errors
2026-03-29 15:58:56,964  INFO      Progress: 14000 done, 0 errors
2026-03-29 15:59:10,009  INFO      Progress: 14050 done, 0 errors
2026-03-29 15:59:15,329  INFO    NMAR | 10pct | log_bom_opening_theaters
2026-03-29 15:59:22,739  INFO      Progress: 14100 done, 0 errors
2026-03-29 15:59:34,086  INFO      Progress: 14150 done, 0 errors
2026-03-29 15:59:45,831  INFO      Progress: 14200 done, 0 errors
2026-03-29 15:59:57,554  INFO      Progress: 14250 done, 0 errors
2026-03-29 16:00:05,053  INFO    NMAR | 20pct | kim_violence_gore
2026-03-29 16:00:09,161  INFO      Progress: 14300 done, 0 errors
2026-03-29 16:00:21,946  INFO      Progress: 14350 done, 0 errors
2026-03-29 16:00:33,994  INFO      Progress: 14400 done, 0 errors
2026-03-29 16:00:46,461  INFO      Progress: 14450 done, 0 errors
2026-03-29 16:00:56,823  INFO    NMAR | 20pct | kim_sex_nudity
2026-03-29 16:00:58,836  INFO      Progress: 14500 done, 0 errors
2026-03-29 16:01:14,326  INFO      Progress: 14550 done, 0 errors
2026-03-29 16:01:28,368  INFO      Progress: 14600 done, 0 errors
2026-03-29 16:01:40,413  INFO      Progress: 14650 done, 0 errors
2026-03-29 16:01:53,318  INFO      Progress: 14700 done, 0 errors
2026-03-29 16:01:53,318  INFO    NMAR | 20pct | kim_language
2026-03-29 16:02:07,093  INFO      Progress: 14750 done, 0 errors
2026-03-29 16:02:19,683  INFO      Progress: 14800 done, 0 errors
2026-03-29 16:02:32,237  INFO      Progress: 14850 done, 0 errors
2026-03-29 16:02:43,041  INFO      Progress: 14900 done, 0 errors
2026-03-29 16:02:45,393  INFO    NMAR | 20pct | log_bom_opening_theaters
2026-03-29 16:02:52,847  INFO      Progress: 14950 done, 0 errors
2026-03-29 16:03:02,459  INFO      Progress: 15000 done, 0 errors
2026-03-29 16:03:13,015  INFO      Progress: 15050 done, 0 errors
2026-03-29 16:03:22,642  INFO      Progress: 15100 done, 0 errors
2026-03-29 16:03:26,779  INFO    NMAR | 30pct | kim_violence_gore
2026-03-29 16:03:32,546  INFO      Progress: 15150 done, 0 errors
2026-03-29 16:03:42,420  INFO      Progress: 15200 done, 0 errors
2026-03-29 16:03:52,448  INFO      Progress: 15250 done, 0 errors
2026-03-29 16:04:03,200  INFO      Progress: 15300 done, 0 errors
2026-03-29 16:04:11,966  INFO    NMAR | 30pct | kim_sex_nudity
2026-03-29 16:04:17,085  INFO      Progress: 15350 done, 0 errors
2026-03-29 16:04:33,503  INFO      Progress: 15400 done, 0 errors
2026-03-29 16:04:45,631  INFO      Progress: 15450 done, 0 errors
2026-03-29 16:04:59,280  INFO      Progress: 15500 done, 0 errors
2026-03-29 16:05:08,599  INFO    NMAR | 30pct | kim_language
2026-03-29 16:05:10,278  INFO      Progress: 15550 done, 0 errors
2026-03-29 16:05:21,413  INFO      Progress: 15600 done, 0 errors
2026-03-29 16:05:31,690  INFO      Progress: 15650 done, 0 errors
